app/build/intermediates/manifest_merge_blame_file/debug/processDebugMainManifest/manifest-merger-blame-debug-report.txt
1<?xml version="1.0" encoding="utf-8"?>
2<manifest xmlns:android="http://schemas.android.com/apk/res/android"
3    package="com.mahamart.essae"
4    android:versionCode="1"
5    android:versionName="0.1.0" >
6
7    <uses-sdk
8        android:minSdkVersion="26"
9        android:targetSdkVersion="34" />
10
11    <uses-permission android:name="android.permission.INTERNET" />
11-->src\main\AndroidManifest.xml:3:5-67
11-->src\main\AndroidManifest.xml:3:22-64
12    <uses-permission android:name="android.permission.VIBRATE" />
12-->src\main\AndroidManifest.xml:4:5-66
12-->src\main\AndroidManifest.xml:4:22-63
13
14    <permission
14-->[androidx.core:core:1.13.0] AndroidManifest.xml:22:5-24:47
15        android:name="com.mahamart.essae.DYNAMIC_RECEIVER_NOT_EXPORTED_PERMISSION"
15-->[androidx.core:core:1.13.0] AndroidManifest.xml:23:9-81
16        android:protectionLevel="signature" />
16-->[androidx.core:core:1.13.0] AndroidManifest.xml:24:9-44
17
18    <uses-permission android:name="com.mahamart.essae.DYNAMIC_RECEIVER_NOT_EXPORTED_PERMISSION" />
18-->[androidx.core:core:1.13.0] AndroidManifest.xml:26:5-97
18-->[androidx.core:core:1.13.0] AndroidManifest.xml:26:22-94
19
20    <application
20-->src\main\AndroidManifest.xml:6:5-24:19
21        android:appComponentFactory="androidx.core.app.CoreComponentFactory"
21-->[androidx.core:core:1.13.0] AndroidManifest.xml:28:18-86
22        android:debuggable="true"
23        android:extractNativeLibs="false"
24        android:label="MahaMart Scale Manager"
24-->src\main\AndroidManifest.xml:9:9-47
25        android:testOnly="true"
26        android:theme="@style/Theme.EssaeAndroid"
26-->src\main\AndroidManifest.xml:8:9-50
27        android:usesCleartextTraffic="true" >
27-->src\main\AndroidManifest.xml:7:9-44
28        <activity
28-->src\main\AndroidManifest.xml:11:9-13:40
29            android:name="com.mahamart.essae.LabelDesignActivity"
29-->src\main\AndroidManifest.xml:12:13-48
30            android:exported="false" />
30-->src\main\AndroidManifest.xml:13:13-37
31        <activity
31-->src\main\AndroidManifest.xml:15:9-22:20
32            android:name="com.mahamart.essae.MainActivity"
32-->src\main\AndroidManifest.xml:16:13-41
33            android:exported="true" >
33-->src\main\AndroidManifest.xml:17:13-36
34            <intent-filter>
34-->src\main\AndroidManifest.xml:18:13-21:29
35                <action android:name="android.intent.action.MAIN" />
35-->src\main\AndroidManifest.xml:19:17-69
35-->src\main\AndroidManifest.xml:19:25-66
36
37                <category android:name="android.intent.category.LAUNCHER" />
37-->src\main\AndroidManifest.xml:20:17-77
37-->src\main\AndroidManifest.xml:20:27-74
38            </intent-filter>
39        </activity>
40
41        <provider
41-->[androidx.emoji2:emoji2:1.3.0] AndroidManifest.xml:24:9-32:20
42            android:name="androidx.startup.InitializationProvider"
42-->[androidx.emoji2:emoji2:1.3.0] AndroidManifest.xml:25:13-67
43            android:authorities="com.mahamart.essae.androidx-startup"
43-->[androidx.emoji2:emoji2:1.3.0] AndroidManifest.xml:26:13-68
44            android:exported="false" >
44-->[androidx.emoji2:emoji2:1.3.0] AndroidManifest.xml:27:13-37
45            <meta-data
45-->[androidx.emoji2:emoji2:1.3.0] AndroidManifest.xml:29:13-31:52
46                android:name="androidx.emoji2.text.EmojiCompatInitializer"
46-->[androidx.emoji2:emoji2:1.3.0] AndroidManifest.xml:30:17-75
47                android:value="androidx.startup" />
47-->[androidx.emoji2:emoji2:1.3.0] AndroidManifest.xml:31:17-49
48            <meta-data
48-->[androidx.lifecycle:lifecycle-process:2.8.1] AndroidManifest.xml:29:13-31:52
49                android:name="androidx.lifecycle.ProcessLifecycleInitializer"
49-->[androidx.lifecycle:lifecycle-process:2.8.1] AndroidManifest.xml:30:17-78
50                android:value="androidx.startup" />
50-->[androidx.lifecycle:lifecycle-process:2.8.1] AndroidManifest.xml:31:17-49
51            <meta-data
51-->[androidx.profileinstaller:profileinstaller:1.3.1] AndroidManifest.xml:29:13-31:52
52                android:name="androidx.profileinstaller.ProfileInstallerInitializer"
52-->[androidx.profileinstaller:profileinstaller:1.3.1] AndroidManifest.xml:30:17-85
53                android:value="androidx.startup" />
53-->[androidx.profileinstaller:profileinstaller:1.3.1] AndroidManifest.xml:31:17-49
54        </provider>
55
56        <service
56-->[androidx.room:room-runtime:2.6.1] AndroidManifest.xml:24:9-28:63
57            android:name="androidx.room.MultiInstanceInvalidationService"
57-->[androidx.room:room-runtime:2.6.1] AndroidManifest.xml:25:13-74
58            android:directBootAware="true"
58-->[androidx.room:room-runtime:2.6.1] AndroidManifest.xml:26:13-43
59            android:exported="false" />
59-->[androidx.room:room-runtime:2.6.1] AndroidManifest.xml:27:13-37
60
61        <receiver
61-->[androidx.profileinstaller:profileinstaller:1.3.1] AndroidManifest.xml:34:9-52:20
62            android:name="androidx.profileinstaller.ProfileInstallReceiver"
62-->[androidx.profileinstaller:profileinstaller:1.3.1] AndroidManifest.xml:35:13-76
63            android:directBootAware="false"
63-->[androidx.profileinstaller:profileinstaller:1.3.1] AndroidManifest.xml:36:13-44
64            android:enabled="true"
64-->[androidx.profileinstaller:profileinstaller:1.3.1] AndroidManifest.xml:37:13-35
65            android:exported="true"
65-->[androidx.profileinstaller:profileinstaller:1.3.1] AndroidManifest.xml:38:13-36
66            android:permission="android.permission.DUMP" >
66-->[androidx.profileinstaller:profileinstaller:1.3.1] AndroidManifest.xml:39:13-57
67            <intent-filter>
67-->[androidx.profileinstaller:profileinstaller:1.3.1] AndroidManifest.xml:40:13-42:29
68                <action android:name="androidx.profileinstaller.action.INSTALL_PROFILE" />
68-->[androidx.profileinstaller:profileinstaller:1.3.1] AndroidManifest.xml:41:17-91
68-->[androidx.profileinstaller:profileinstaller:1.3.1] AndroidManifest.xml:41:25-88
69            </intent-filter>
70            <intent-filter>
70-->[androidx.profileinstaller:profileinstaller:1.3.1] AndroidManifest.xml:43:13-45:29
71                <action android:name="androidx.profileinstaller.action.SKIP_FILE" />
71-->[androidx.profileinstaller:profileinstaller:1.3.1] AndroidManifest.xml:44:17-85
71-->[androidx.profileinstaller:profileinstaller:1.3.1] AndroidManifest.xml:44:25-82
72            </intent-filter>
73            <intent-filter>
73-->[androidx.profileinstaller:profileinstaller:1.3.1] AndroidManifest.xml:46:13-48:29
74                <action android:name="androidx.profileinstaller.action.SAVE_PROFILE" />
74-->[androidx.profileinstaller:profileinstaller:1.3.1] AndroidManifest.xml:47:17-88
74-->[androidx.profileinstaller:profileinstaller:1.3.1] AndroidManifest.xml:47:25-85
75            </intent-filter>
76            <intent-filter>
76-->[androidx.profileinstaller:profileinstaller:1.3.1] AndroidManifest.xml:49:13-51:29
77                <action android:name="androidx.profileinstaller.action.BENCHMARK_OPERATION" />
77-->[androidx.profileinstaller:profileinstaller:1.3.1] AndroidManifest.xml:50:17-95
77-->[androidx.profileinstaller:profileinstaller:1.3.1] AndroidManifest.xml:50:25-92
78            </intent-filter>
79        </receiver>
80    </application>
81
82</manifest>